make --dry-run --always-make --keep-going --print-directory
make: Entering directory `/Users/mchliyah/Desktop/minishell'
gcc -Wall -Werror -Wextra -fsanitize=address -g3 -c main.c -o main.o
 
gcc -Wall -Werror -Wextra -fsanitize=address -g3 -c lexer/lexer.c -o lexer/lexer.o
gcc -Wall -Werror -Wextra -fsanitize=address -g3 -c lexer/lexer_utils.c -o lexer/lexer_utils.o
gcc -Wall -Werror -Wextra -fsanitize=address -g3 -c lexer/init_fun.c -o lexer/init_fun.o
gcc -Wall -Werror -Wextra -fsanitize=address -g3 -c lexer/ft_split_quote.c -o lexer/ft_split_quote.o
gcc -Wall -Werror -Wextra -fsanitize=address -g3 -c parser/parser.c -o parser/parser.o
 
gcc -Wall -Werror -Wextra -fsanitize=address -g3 -c parser/pars_utils.c -o parser/pars_utils.o
gcc -Wall -Werror -Wextra -fsanitize=address -g3 -c error.c -o error.o
gcc -Wall -Werror -Wextra -fsanitize=address -g3 -c free.c -o free.o
make -C ./libft
gcc -g -Wall -Werror -Wextra -fsanitize=address -g3 main.o lexer/lexer.o lexer/lexer_utils.o lexer/init_fun.o lexer/ft_split_quote.o parser/parser.o parser/pars_utils.o error.o free.o ./libft/libft.a  -lreadline -o minishell
make clean -C ./libft
echo "\033[1;33m ███    ███ ██ ███    ██ ██ ███████ ██   ██ ███████ ██      ██ "
echo "\033[1;33m ████  ████ ██ ████   ██ ██ ██      ██   ██ ██      ██      ██ "
echo "\033[1;33m ██ ████ ██ ██ ██ ██  ██ ██ ███████ ███████ █████   ██      ██ "
echo "\033[1;33m ██  ██  ██ ██ ██  ██ ██ ██      ██ ██   ██ ██      ██      ██ "
echo "\033[1;33m ██      ██ ██ ██   ████ ██ ███████ ██   ██ ███████ ███████ ███████ "
echo "\033[1;34m 1.0"
echo " "
echo "\033[1;35m▐▌ DONE by @abdelhak4  & @mchliyah ▐▌"
make: Leaving directory `/Users/mchliyah/Desktop/minishell'
 
