make all --print-data-base --no-builtin-variables --no-builtin-rules --question
# GNU Make 3.81
# Copyright (C) 2006  Free Software Foundation, Inc.
# This is free software; see the source for copying conditions.
# There is NO warranty; not even for MERCHANTABILITY or FITNESS FOR A
# PARTICULAR PURPOSE.

# This program built for i386-apple-darwin11.3.0
 

# Make data base, printed on Sun Jun 26 21:22:54 2022

# Variables

# automatic
<D = $(patsubst %/,%,$(dir $<))
# automatic
?F = $(notdir $?)
# environment
VSCODE_LOG_NATIVE = false
# automatic
?D = $(patsubst %/,%,$(dir $?))
# automatic
@D = $(patsubst %/,%,$(dir $@))
# automatic
@F = $(notdir $@)
# makefile
CURDIR := /Users/mchliyah/Desktop/minishell
# makefile
SHELL = /bin/sh
# makefile (from `Makefile', line 18)
RM = rm -f
# makefile (from `Makefile', line 48)
C_RED = \033[1;31m
# environment
 
VSCODE_NLS_CONFIG = {"locale":"en-us","availableLanguages":{},"_languagePackSupport":true}
# environment
_ = /usr/bin/make
# makefile (from `Makefile', line 41)
CLEANLIBFT = make clean -C $(LIBFT)
# makefile (from `Makefile', line 16)
CFLAGS = -Wall -Werror -Wextra -fsanitize=address -g3
# makefile (from `Makefile', line 1)
MAKEFILE_LIST :=  Makefile
# makefile (from `Makefile', line 43)
RELIBFT = make re -C $(LIBFT)
# environment
VSCODE_VERBOSE_LOGGING = true
# environment
VSCODE_IPC_HOOK_EXTHOST = /var/folders/zz/zyxvpxvq6csfxvn_n0000h9m00042d/T/vscode-ipc-93ad84a3-0b28-48e0-9703-b62279497434.sock
# environment
VSCODE_CWD = /
# environment
Apple_PubSub_Socket_Render = /private/tmp/com.apple.launchd.gmlPxyIOTW/Render
# environment
PATH = /usr/local/bin:/usr/bin:/bin:/usr/sbin:/sbin:/usr/local/munki
# environment
LSCOLORS = Gxfxcxdxbxegedabagacad
# environment
VSCODE_LOG_STACK = false
# environment
ELECTRON_RUN_AS_NODE = 1
# default
.FEATURES := target-specific order-only second-expansion else-if archives jobserver check-symlink
# environment
SSH_AUTH_SOCK = /private/tmp/com.apple.launchd.tQ1phRRa0T/Listeners
# automatic
%F = $(notdir $%)
# environment
VSCODE_PIPE_LOGGING = true
# environment
PWD = /Users/mchliyah/Desktop/minishell
# environment
ORIGINAL_XDG_CURRENT_DESKTOP = undefined
# makefile (from `Makefile', line 50)
C_L_BLUE = \033[1;34m
# environment
VSCODE_AMD_ENTRYPOINT = vs/workbench/api/node/extensionHostProcess
# environment
HOME = /Users/mchliyah
# default
MAKEFILEPATH := /Applications/Xcode.app/Contents/Developer/Makefiles
# environment
VSCODE_CODE_CACHE_PATH = /Users/mchliyah/Library/Application Support/Code/CachedData/4af164ea3a06f701fe3e89a2bcbb421d2026b68f
# environment
LOGNAME = mchliyah
# environment
APPLICATION_INSIGHTS_NO_DIAGNOSTIC_CHANNEL = 1
# environment
ZSH = /Users/mchliyah/.oh-my-zsh
# makefile (from `Makefile', line 40)
ALLIBFT = make -C $(LIBFT)
# environment
VSCODE_HANDLES_UNCAUGHT_ERRORS = true
# automatic
^D = $(patsubst %/,%,$(dir $^))
# makefile (from `Makefile', line 51)
C_RES = \033[0m
# environment
XPC_FLAGS = 0x0
# default
MAKE = $(MAKE_COMMAND)
# default
MAKECMDGOALS := all
# environment
SHLVL = 1
# makefile (from `Makefile', line 38)
LIBFT = ./libft
# makefile (from `Makefile', line 14)
CC = gcc
# makefile (from `Makefile', line 39)
ARLIB = $(LIBFT)/libft.a
# default
MAKE_VERSION := 3.81
# environment
USER = mchliyah
# makefile
.DEFAULT_GOAL := all
# makefile (from `Makefile', line 13)
NAME = minishell
# makefile (from `Makefile', line 42)
FCLEANLIBFT = rm -f $(ARLIB)
# environment
LESS = -R
# automatic
%D = $(patsubst %/,%,$(dir $%))
# default
MAKE_COMMAND := /Applications/Xcode.app/Contents/Developer/usr/bin/make
# default
.VARIABLES := 
# environment
TMPDIR = /var/folders/zz/zyxvpxvq6csfxvn_n0000h9m00042d/T/
# automatic
*F = $(notdir $*)
# environment
VSCODE_IPC_HOOK = /Users/mchliyah/Library/Application Support/Code/1.68.0-main.sock
# makefile
MAKEFLAGS = Rrqp
# environment
MFLAGS = -Rrqp
# automatic
*D = $(patsubst %/,%,$(dir $*))
# environment
XPC_SERVICE_NAME = com.apple.xpc.launchd.oneshot.0x10000003.Electron
# automatic
+D = $(patsubst %/,%,$(dir $+))
# automatic
+F = $(notdir $+)
# environment
__CF_USER_TEXT_ENCODING = 0x104D:0x0:0x0
# environment
COMMAND_MODE = unix2003
# default
MAKEFILES := 
# automatic
<F = $(notdir $<)
# environment
PAGER = less
# environment
LC_ALL = C
# environment
SECURITYSESSIONID = 186c8
# automatic
^F = $(notdir $^)
# default
SUFFIXES := 
# default
.INCLUDE_DIRS = /usr/local/include
# environment
MAKELEVEL := 0
# makefile (from `Makefile', line 33)
OBJECTS = $(FILES:.c=.o)
# makefile (from `Makefile', line 49)
C_GREEN = \033[1;32m
# environment
LANG = C
# environment
VSCODE_PID = 10467
# makefile (from `Makefile', line 21)
FILES = main.c lexer/lexer.c lexer/lexer_utils.c lexer/init_fun.c lexer/ft_split_quote.c parser/parser.c parser/pars_utils.c error.c free.c 
# variable set hash-table stats:
# Load=83/1024=8%, Rehash=0, Collisions=2/111=2%

# Pattern-specific Variable Values

# No pattern-specific variable values.

# Directories

# . (device 16777227, inode 1062406): 19 files, no impossibilities.
# parser (device 16777227, inode 1200948): 5 files, no impossibilities so far.
# lexer (device 16777227, inode 1141516): 9 files, no impossibilities so far.

# 33 files, no impossibilities in 3 directories.

# Implicit Rules

%.o: %.c
#  commands to execute (from `Makefile', line 36):
	@$(CC) $(CFLAGS) -c $^ -o $@
	

# 1 implicit rules, 0 (0.0%) terminal.

# Files

all: minishell
#  Phony target (prerequisite of .PHONY).
#  Command-line target.
#  Implicit rule search has not been done.
#  File does not exist.
#  File has been updated.
#  Successfully updated.
# variable set hash-table stats:
# Load=0/32=0%, Rehash=0, Collisions=0/0=0%

parser/parser.o: parser/parser.c
#  Implicit rule search has been done.
#  Implicit/static pattern stem: `parser/parser'
#  Last modified 2022-06-26 20:19:53
#  File has been updated.
#  Successfully updated.
# variable set hash-table stats:
# Load=0/32=0%, Rehash=0, Collisions=0/0=0%
#  commands to execute (from `Makefile', line 36):
	@$(CC) $(CFLAGS) -c $^ -o $@
	

.PHONY: clean all clean re fclean
#  Implicit rule search has not been done.
#  Modification time never checked.
#  File has not been updated.

lexer/init_fun.o: lexer/init_fun.c
#  Implicit rule search has been done.
#  Implicit/static pattern stem: `lexer/init_fun'
#  Last modified 2022-06-26 20:19:53
#  File has been updated.
#  Successfully updated.
# variable set hash-table stats:
# Load=0/32=0%, Rehash=0, Collisions=0/0=0%
#  commands to execute (from `Makefile', line 36):
	@$(CC) $(CFLAGS) -c $^ -o $@
	

# Not a target:
main.c:
#  Implicit rule search has been done.
#  Last modified 2022-06-26 19:38:16
#  File has been updated.
#  Successfully updated.
# variable set hash-table stats:
# Load=0/32=0%, Rehash=0, Collisions=0/0=0%

free.o: free.c
#  Implicit rule search has been done.
#  Implicit/static pattern stem: `free'
#  Last modified 2022-06-26 20:19:53
#  File has been updated.
#  Successfully updated.
# variable set hash-table stats:
# Load=0/32=0%, Rehash=0, Collisions=0/0=0%
#  commands to execute (from `Makefile', line 36):
	@$(CC) $(CFLAGS) -c $^ -o $@
	

# Not a target:
.SUFFIXES:
#  Implicit rule search has not been done.
#  Modification time never checked.
#  File has not been updated.

# Not a target:
Makefile:
#  Implicit rule search has been done.
#  Last modified 2022-06-26 20:02:49
#  File has been updated.
#  Successfully updated.
# variable set hash-table stats:
# Load=0/32=0%, Rehash=0, Collisions=0/0=0%

lexer/lexer_utils.o: lexer/lexer_utils.c
#  Implicit rule search has been done.
#  Implicit/static pattern stem: `lexer/lexer_utils'
#  Last modified 2022-06-26 20:19:53
#  File has been updated.
#  Successfully updated.
# variable set hash-table stats:
# Load=0/32=0%, Rehash=0, Collisions=0/0=0%
#  commands to execute (from `Makefile', line 36):
	@$(CC) $(CFLAGS) -c $^ -o $@
	

# Not a target:
lexer/ft_split_quote.c:
#  Implicit rule search has been done.
#  Last modified 2022-06-26 19:38:16
#  File has been updated.
#  Successfully updated.
# variable set hash-table stats:
# Load=0/32=0%, Rehash=0, Collisions=0/0=0%

error.o: error.c
#  Implicit rule search has been done.
#  Implicit/static pattern stem: `error'
#  Last modified 2022-06-26 20:19:53
#  File has been updated.
#  Successfully updated.
# variable set hash-table stats:
# Load=0/32=0%, Rehash=0, Collisions=0/0=0%
#  commands to execute (from `Makefile', line 36):
	@$(CC) $(CFLAGS) -c $^ -o $@
	

minishell: main.o lexer/lexer.o lexer/lexer_utils.o lexer/init_fun.o lexer/ft_split_quote.o parser/parser.o parser/pars_utils.o error.o free.o
#  Implicit rule search has not been done.
#  Last modified 2022-06-26 20:19:55
#  File has been updated.
#  Successfully updated.
# variable set hash-table stats:
# Load=0/32=0%, Rehash=0, Collisions=0/0=0%
#  commands to execute (from `Makefile', line 59):
	@$(ALLIBFT)
	@$(CC) -g $(CFLAGS) $(OBJECTS) $(ARLIB)  -lreadline -o $(NAME)
	@$(CLEANLIBFT)
 
	@echo "\033[1;33m ███    ███ ██ ███    ██ ██ ███████ ██   ██ ███████ ██      ██ "
	@echo "\033[1;33m ████  ████ ██ ████   ██ ██ ██      ██   ██ ██      ██      ██ "
	@echo "\033[1;33m ██ ████ ██ ██ ██ ██  ██ ██ ███████ ███████ █████   ██      ██ "
	@echo "\033[1;33m ██  ██  ██ ██ ██  ██ ██ ██      ██ ██   ██ ██      ██      ██ "
	@echo "\033[1;33m ██      ██ ██ ██   ████ ██ ███████ ██   ██ ███████ ███████ ███████ "
	@echo "$(C_L_BLUE) 1.0"
	@echo " "
	@echo "\033[1;35m▐▌ DONE by @abdelhak4  & @mchliyah ▐▌"
	

# Not a target:
parser/parser.c:
#  Implicit rule search has been done.
#  Last modified 2022-06-26 20:11:26
#  File has been updated.
#  Successfully updated.
# variable set hash-table stats:
# Load=0/32=0%, Rehash=0, Collisions=0/0=0%

fclean: clean
#  Phony target (prerequisite of .PHONY).
#  Implicit rule search has not been done.
#  File does not exist.
#  File has not been updated.
#  commands to execute (from `Makefile', line 77):
	@$(FCLEANLIBFT)
	@$(RM) $(NAME)
	@echo "$(C_RED)[MINISHELL OBJECTS && EXECUTABLES DELETED!]$(C_RES)"
	

# Not a target:
lexer/init_fun.c:
#  Implicit rule search has been done.
#  Last modified 2022-06-26 19:38:16
#  File has been updated.
#  Successfully updated.
# variable set hash-table stats:
# Load=0/32=0%, Rehash=0, Collisions=0/0=0%

# Not a target:
free.c:
#  Implicit rule search has been done.
#  Last modified 2022-06-22 00:35:24
#  File has been updated.
#  Successfully updated.
# variable set hash-table stats:
# Load=0/32=0%, Rehash=0, Collisions=0/0=0%

# Not a target:
.DEFAULT:
#  Implicit rule search has not been done.
#  Modification time never checked.
#  File has not been updated.

# Not a target:
lexer/lexer_utils.c:
#  Implicit rule search has been done.
#  Last modified 2022-06-26 19:44:42
#  File has been updated.
#  Successfully updated.
# variable set hash-table stats:
# Load=0/32=0%, Rehash=0, Collisions=0/0=0%

lexer/lexer.o: lexer/lexer.c
#  Implicit rule search has been done.
#  Implicit/static pattern stem: `lexer/lexer'
#  Last modified 2022-06-26 20:19:53
#  File has been updated.
#  Successfully updated.
# variable set hash-table stats:
# Load=0/32=0%, Rehash=0, Collisions=0/0=0%
#  commands to execute (from `Makefile', line 36):
	@$(CC) $(CFLAGS) -c $^ -o $@
	

re: fclean all
#  Phony target (prerequisite of .PHONY).
#  Implicit rule search has not been done.
#  File does not exist.
#  File has not been updated.

clean:
#  Phony target (prerequisite of .PHONY).
#  Implicit rule search has not been done.
#  File does not exist.
#  File has not been updated.
#  commands to execute (from `Makefile', line 72):
	@$(CLEANLIBFT)
	@$(RM) $(OBJECTS)
	@echo "$(C_RED)[MINISHELL OBJECTS DELETED!]$(C_RES)"
	

# Not a target:
error.c:
#  Implicit rule search has been done.
#  Last modified 2022-06-26 20:12:00
#  File has been updated.
#  Successfully updated.
# variable set hash-table stats:
# Load=0/32=0%, Rehash=0, Collisions=0/0=0%

parser/pars_utils.o: parser/pars_utils.c
#  Implicit rule search has been done.
#  Implicit/static pattern stem: `parser/pars_utils'
#  Last modified 2022-06-26 20:19:53
#  File has been updated.
#  Successfully updated.
# variable set hash-table stats:
# Load=0/32=0%, Rehash=0, Collisions=0/0=0%
#  commands to execute (from `Makefile', line 36):
	@$(CC) $(CFLAGS) -c $^ -o $@
	

main.o: main.c
#  Implicit rule search has been done.
#  Implicit/static pattern stem: `main'
#  Last modified 2022-06-26 20:19:53
#  File has been updated.
#  Successfully updated.
# variable set hash-table stats:
# Load=0/32=0%, Rehash=0, Collisions=0/0=0%
#  commands to execute (from `Makefile', line 36):
	@$(CC) $(CFLAGS) -c $^ -o $@
	

# Not a target:
parser/pars_utils.c:
#  Implicit rule search has been done.
#  Last modified 2022-06-22 00:35:04
#  File has been updated.
#  Successfully updated.
# variable set hash-table stats:
# Load=0/32=0%, Rehash=0, Collisions=0/0=0%

lexer/ft_split_quote.o: lexer/ft_split_quote.c
#  Implicit rule search has been done.
#  Implicit/static pattern stem: `lexer/ft_split_quote'
#  Last modified 2022-06-26 20:19:53
#  File has been updated.
#  Successfully updated.
# variable set hash-table stats:
# Load=0/32=0%, Rehash=0, Collisions=0/0=0%
#  commands to execute (from `Makefile', line 36):
	@$(CC) $(CFLAGS) -c $^ -o $@
	

# Not a target:
lexer/lexer.c:
#  Implicit rule search has been done.
#  Last modified 2022-06-26 20:16:55
#  File has been updated.
#  Successfully updated.
# variable set hash-table stats:
# Load=0/32=0%, Rehash=0, Collisions=0/0=0%

# files hash-table stats:
# Load=27/1024=3%, Rehash=0, Collisions=3/85=4%
# VPATH Search Paths

# No `vpath' search paths.

# No general (`VPATH' variable) search path.

# # of strings in strcache: 1
# # of strcache buffers: 1
# strcache size: total = 4096 / max = 4096 / min = 4096 / avg = 4096
# strcache free: total = 4087 / max = 4087 / min = 4087 / avg = 4087

# Finished Make data base on Sun Jun 26 21:22:54 2022

 
